T47A0 119201:386.665   SEGGER J-Link V7.23b (beta) Log File
T47A0 119201:386.706   DLL Compiled: Jun 21 2021 16:57:20
T47A0 119201:386.719   Logging started @ 2021-08-19 02:54
T47A0 119201:386.731 - 35397.653ms
T47A0 119201:389.592 JLINK_ExecCommand("Device = ATSAME53J18A", ...). 
T47A0 119201:390.607   Device "ATSAME53J18" selected.
T47A0 119201:390.820 - 1.213ms returns 0x00
T47A0 119201:396.389 JLINK_TIF_Select(JLINKARM_TIF_SWD)
T47A0 119201:397.130 - 0.761ms returns 0x00
T47A0 119201:397.160 JLINK_SetSpeed(402)
T47A0 119201:397.275 - 0.125ms
T47A0 119201:397.292 JLINK_ResetPullsRESET(OFF)
T47A0 119201:397.304 - 0.018ms
T47A0 119201:397.317 JLINK_Connect()
T47A0 119201:397.572   InitTarget() start
T47A0 119201:397.599    J-Link Script File: Executing InitTarget()
T47A0 119201:397.727   InitTarget()
T47A0 119201:400.916   InitTarget() end
T47A0 119201:400.930   InitTarget() end
T47A0 119201:401.932   Found SW-DP with ID 0x2BA01477
T47A0 119201:404.998   DPIDR: 0x2BA01477
T47A0 119201:405.013   Scanning AP map to find all available APs
T47A0 119201:406.576   AP[2]: Stopped AP scan as end of AP map seems to be reached
T47A0 119201:406.893   AP[0]: AHB-AP (IDR: 0x24770011)
T47A0 119201:406.908   AP[1]: AHB-AP (IDR: 0x74770001)
T47A0 119201:406.918   Iterating through AP map to find AHB-AP to use
T47A0 119201:408.434   AP[0]: Core found
T47A0 119201:408.449   AP[0]: AHB-AP ROM base: 0x41003000
T47A0 119201:409.276   CPUID register: 0x410FC241. Implementer code: 0x41 (ARM)
T47A0 119201:409.292   Found Cortex-M4 r0p1, Little endian.
T47A0 119201:510.247   -- Max. mem block: 0x00004580
T47A0 119201:510.392   CPU_ReadMem(4 bytes @ 0xE000EDF0)
T47A0 119201:511.369   CPU_WriteMem(4 bytes @ 0xE000EDF0)
T47A0 119201:512.242   CPU_ReadMem(4 bytes @ 0xE0002000)
T47A0 119201:513.152   FPUnit: 6 code (BP) slots and 2 literal slots
T47A0 119201:513.165   CPU_ReadMem(4 bytes @ 0xE000EDFC)
T47A0 119201:514.010   CPU_WriteMem(4 bytes @ 0xE000EDFC)
T47A0 119201:514.871   CPU_ReadMem(4 bytes @ 0xE0001000)
T47A0 119201:515.872   CPU_WriteMem(4 bytes @ 0xE0001000)
T47A0 119201:516.769   CPU_ReadMem(4 bytes @ 0xE000ED88)
T47A0 119201:517.666   CPU_WriteMem(4 bytes @ 0xE000ED88)
T47A0 119201:518.615   CPU_ReadMem(4 bytes @ 0xE000ED88)
T47A0 119201:519.488   CPU_WriteMem(4 bytes @ 0xE000ED88)
T47A0 119201:520.391   CoreSight components:
T47A0 119201:520.405   ROMTbl[0] @ 41003000
T47A0 119201:520.412   CPU_ReadMem(64 bytes @ 0x41003000)
T47A0 119201:523.136   CPU_ReadMem(32 bytes @ 0xE00FFFE0)
T47A0 119201:524.851   ROMTbl[0][0]: E00FF000, CID: B105100D, PID: 000BB4C4 ROM Table
T47A0 119201:524.867   ROMTbl[1] @ E00FF000
T47A0 119201:524.875   CPU_ReadMem(64 bytes @ 0xE00FF000)
T47A0 119201:527.582   CPU_ReadMem(32 bytes @ 0xE000EFE0)
T47A0 119201:529.370   ROMTbl[1][0]: E000E000, CID: B105E00D, PID: 000BB00C SCS-M7
T47A0 119201:529.385   CPU_ReadMem(32 bytes @ 0xE0001FE0)
T47A0 119201:531.090   ROMTbl[1][1]: E0001000, CID: B105E00D, PID: 003BB002 DWT
T47A0 119201:531.100   CPU_ReadMem(32 bytes @ 0xE0002FE0)
T47A0 119201:532.775   ROMTbl[1][2]: E0002000, CID: B105E00D, PID: 002BB003 FPB
T47A0 119201:532.785   CPU_ReadMem(32 bytes @ 0xE0000FE0)
T47A0 119201:534.467   ROMTbl[1][3]: E0000000, CID: B105E00D, PID: 003BB001 ITM
T47A0 119201:534.478   CPU_ReadMem(32 bytes @ 0xE0040FE0)
T47A0 119201:536.181   ROMTbl[1][4]: E0040000, CID: B105900D, PID: 000BB9A1 TPIU
T47A0 119201:536.195   CPU_ReadMem(32 bytes @ 0xE0041FE0)
T47A0 119201:537.963   ROMTbl[1][5]: E0041000, CID: B105900D, PID: 000BB925 ETM
T47A0 119201:537.974   CPU_ReadMem(32 bytes @ 0xE0042FE0)
T47A0 119201:539.645   ROMTbl[1][6]: E0042000, CID: B105900D, PID: 003BB907 ETB
T47A0 119201:539.659 - 142.344ms returns 0x00
T47A0 119201:539.703 JLINK_ExecCommand("ExcludeFlashCacheRange 0x0 - 0x40000", ...). 
T47A0 119201:539.711 - 0.002ms returns 0x00
T47A0 119201:539.726 JLINK_Halt()
T47A0 119201:553.311 - 13.602ms returns 0x00
T47A0 119201:554.354 JLINK_JTAG_GetDeviceID(DeviceIndex = 0)
T47A0 119201:554.365 - 0.014ms returns 0
T47A0 119201:554.373 JLINK_ReadMemU32(0x41002018, 0x1 Items)
T47A0 119201:554.438   CPU_ReadMem(4 bytes @ 0x41002018)
T47A0 119201:555.310   Data:  06 00 83 61
T47A0 119201:555.321 - 0.950ms returns 1 (0x1)
T2018 119201:563.846 JLINK_IsHalted()
T2018 119201:564.912 - 1.092ms returns TRUE
T2018 119201:565.010 JLINK_GetMOEs(...)
T2018 119201:565.027   CPU_ReadMem(4 bytes @ 0xE000ED30)
T2018 119201:565.887 - 0.884ms returns 0x01
T2018 119201:565.900 JLINK_ReadReg(R15 (PC))
T2018 119201:565.908 - 0.009ms returns 0x00001218
T47A0 119201:578.827 JLINK_BeginDownload(Flags = 0x00000000)
T47A0 119201:578.901 - 0.077ms
T47A0 119201:578.923 JLINK_WriteMem(0x00000000, 0x6DE0 Bytes, ...)
T47A0 119201:578.928   Data:  98 84 00 20 E9 02 00 00 E5 02 00 00 E5 02 00 00 ...
T47A0 119201:579.396   completely In flash
T47A0 119201:579.440    -- Read from flash cache (28128 bytes @ 0x00000000)
T47A0 119201:579.450 - 0.528ms returns 0x6DE0
T47A0 119201:579.600 JLINK_WriteMem(0x00006DE0, 0xC8 Bytes, ...)
T47A0 119201:579.607   Data:  00 60 01 41 55 00 00 00 00 03 00 00 02 00 00 00 ...
T47A0 119201:579.616   completely In flash
T47A0 119201:579.623    -- Read from flash cache (200 bytes @ 0x00006DE0)
T47A0 119201:579.629 - 0.031ms returns 0xC8
T2018 119201:766.025 JLINK_IsHalted()
T2018 119201:766.046 - 0.023ms returns TRUE
T47A0 119201:766.545 JLINK_EndDownload()
T47A0 119201:766.705   CPU_ReadMem(4 bytes @ 0xE000ED90)
T47A0 119201:767.761   CPU_ReadMem(4 bytes @ 0xE000ED94)
T47A0 119201:768.663    -- --------------------------------------
T47A0 119201:768.674   Flash bank @ 0x00000000: Default: L2 verify disabled because algorithm performs L1 verify
T47A0 119201:768.680    -- Start of determining dirty areas in flash cache
T47A0 119201:768.716    -- End of determining dirty areas
T47A0 119201:768.722    -- Start of preparing flash programming
T47A0 119201:768.729    -- Calculating RAM usage
T47A0 119201:768.744    -- RAM usage = 4220 Bytes
T47A0 119201:768.750    -- Preserving CPU registers
T47A0 119201:768.765    -- Preparing memory
T47A0 119201:768.771    -- Preparing target
T47A0 119201:768.777    -- Preserving target RAM temporarily used for programming
T47A0 119201:894.860    -- Downloading RAMCode
T47A0 119202:003.476    -- Preparing RAMCode
T47A0 119202:023.975    -- Checking target RAM
T47A0 119202:027.290    -- End of preparing flash programming
T47A0 119202:027.432   Looking for J-Link GUI Server exe at: C:\Program Files (x86)\Atmel\Studio\7.0\atbackend\JLinkGUIServer.exe
T47A0 119202:027.497   Looking for J-Link GUI Server exe at: C:\Program Files (x86)\SEGGER\JLink\JLinkGUIServer.exe
T47A0 119202:027.527   Forking J-Link GUI Server: C:\Program Files (x86)\SEGGER\JLink\JLinkGUIServer.exe
T47A0 119202:045.854   J-Link GUI Server info: "J-Link GUI server V7.23b "
T47A0 119202:054.732    -- CPU speed could not be measured.
T47A0 119202:054.754    -- Start of comparing flash
T47A0 119202:054.761    -- CRC check was estimated as fastest method
T47A0 119202:084.180    -- Comparing range 0x0000 - 0x7FFF (4 Sectors, 32 KiB), using multi-block CRC calculation
T47A0 119202:102.705    -- CRC does not match for sectors 0-3
T47A0 119202:102.723    -- End of comparing flash
T47A0 119202:102.730    -- Start of erasing sectors
T47A0 119202:102.738    -- Erasing range 0x00000000 - 0x00007FFF (  4 Sectors, 32 KB)
T47A0 119202:265.930    -- End of erasing sectors
T47A0 119202:265.952    -- Start of flash programming
T47A0 119202:265.960    -- Programming range 0x00000000 - 0x00007FFF (  4 Sectors, 32 KB)
T47A0 119203:232.933    -- End of flash programming
T47A0 119203:232.955    -- 0x0000 - 0x7FFF (  4 Sectors, 32 KoB)
T47A0 119203:232.962    -- Start of restoring
T47A0 119203:232.969    -- Restoring RAMCode
T47A0 119203:289.055    -- Restoring target memory
T47A0 119203:414.208    -- Restore target
T47A0 119203:414.230    -- Restore memory
T47A0 119203:414.236    -- Restoring CPU registers
T47A0 119203:414.252    -- End of restoring
T47A0 119203:414.292    -- Bank 0 @ 0x00000000: 1 range affected (32768 bytes)
T47A0 119203:414.359    -- Total: 1.645s (Prepare: 0.286s, Compare: 0.047s, Erase: 0.163s, Program & Verify: 1.007s, Restore: 0.141s)
T47A0 119203:414.370    -- Program & Verify speed: 31 KiB/s
T47A0 119203:420.252 - 1653.723ms returns 32768 (0x8000)
T47A0 119203:420.482 JLINK_ResetPullsRESET(ON)
T47A0 119203:420.495 - 0.015ms
T47A0 119203:420.501 JLINK_ResetNoHalt()
T47A0 119203:420.782   InitTarget() start
T47A0 119203:420.790    J-Link Script File: Executing InitTarget()
T47A0 119203:420.801   InitTarget()
T47A0 119203:424.054   InitTarget() end
T47A0 119203:424.077   InitTarget() end
T47A0 119203:425.205   Found SW-DP with ID 0x2BA01477
T47A0 119203:428.341   DPIDR: 0x2BA01477
T47A0 119203:428.368   AP map detection skipped. Manually configured AP map found.
T47A0 119203:428.380   AP[0]: AHB-AP (IDR: Not set)
T47A0 119203:429.896   AP[0]: Core found
T47A0 119203:429.919   AP[0]: AHB-AP ROM base: 0x41003000
T47A0 119203:430.688   CPUID register: 0x410FC241. Implementer code: 0x41 (ARM)
T47A0 119203:430.709   Found Cortex-M4 r0p1, Little endian.
T47A0 119203:531.580   -- Max. mem block: 0x000040A8
T47A0 119203:531.600   CPU_ReadMem(4 bytes @ 0xE000EDF0)
T47A0 119203:532.494   CPU_ReadMem(4 bytes @ 0xE0002000)
T47A0 119203:533.395   FPUnit: 6 code (BP) slots and 2 literal slots
T47A0 119203:533.403   CPU_ReadMem(4 bytes @ 0xE000EDFC)
T47A0 119203:534.259   CPU_ReadMem(4 bytes @ 0xE0001000)
T47A0 119203:535.112   CPU_ReadMem(4 bytes @ 0xE000ED88)
T47A0 119203:535.989   CPU_WriteMem(4 bytes @ 0xE000ED88)
T47A0 119203:536.864   CPU_ReadMem(4 bytes @ 0xE000ED88)
T47A0 119203:537.768   CPU_WriteMem(4 bytes @ 0xE000ED88)
T47A0 119203:538.659   CoreSight components:
T47A0 119203:538.674   ROMTbl[0] @ 41003000
T47A0 119203:538.682   CPU_ReadMem(64 bytes @ 0x41003000)
T47A0 119203:541.284   CPU_ReadMem(32 bytes @ 0xE00FFFE0)
T47A0 119203:543.013   ROMTbl[0][0]: E00FF000, CID: B105100D, PID: 000BB4C4 ROM Table
T47A0 119203:543.030   ROMTbl[1] @ E00FF000
T47A0 119203:543.039   CPU_ReadMem(64 bytes @ 0xE00FF000)
T47A0 119203:545.725   CPU_ReadMem(32 bytes @ 0xE000EFE0)
T47A0 119203:547.502   ROMTbl[1][0]: E000E000, CID: B105E00D, PID: 000BB00C SCS-M7
T47A0 119203:547.514   CPU_WriteMem(4 bytes @ 0xE0001000)
T47A0 119203:548.413   CPU_ReadMem(32 bytes @ 0xE0001FE0)
T47A0 119203:550.215   ROMTbl[1][1]: E0001000, CID: B105E00D, PID: 003BB002 DWT
T47A0 119203:550.224   CPU_ReadMem(32 bytes @ 0xE0002FE0)
T47A0 119203:551.936   ROMTbl[1][2]: E0002000, CID: B105E00D, PID: 002BB003 FPB
T47A0 119203:551.948   CPU_ReadMem(32 bytes @ 0xE0000FE0)
T47A0 119203:553.715   ROMTbl[1][3]: E0000000, CID: B105E00D, PID: 003BB001 ITM
T47A0 119203:553.725   CPU_ReadMem(32 bytes @ 0xE0040FE0)
T47A0 119203:555.399   ROMTbl[1][4]: E0040000, CID: B105900D, PID: 000BB9A1 TPIU
T47A0 119203:555.410   CPU_ReadMem(32 bytes @ 0xE0041FE0)
T47A0 119203:557.155   ROMTbl[1][5]: E0041000, CID: B105900D, PID: 000BB925 ETM
T47A0 119203:557.164   CPU_ReadMem(32 bytes @ 0xE0042FE0)
T47A0 119203:558.902   ROMTbl[1][6]: E0042000, CID: B105900D, PID: 003BB907 ETB
T47A0 119203:558.919   JLINK_Reset()
T47A0 119203:558.929     CPU_WriteMem(4 bytes @ 0xE000EDF0)
T47A0 119203:559.813     CPU_WriteMem(4 bytes @ 0xE000EDFC)
T47A0 119203:560.715     Reset: Halt core after reset via DEMCR.VC_CORERESET.
T47A0 119203:561.121     Reset: Reset device via AIRCR.SYSRESETREQ.
T47A0 119203:561.129     CPU_WriteMem(4 bytes @ 0xE000ED0C)
T47A0 119203:614.773     CPU_ReadMem(4 bytes @ 0xE000EDF0)
T47A0 119203:615.667     CPU_ReadMem(4 bytes @ 0xE000EDF0)
T47A0 119203:616.539     CPU_WriteMem(4 bytes @ 0xE000EDF0)
T47A0 119203:617.362     CPU_WriteMem(4 bytes @ 0xE000EDFC)
T47A0 119203:623.293     CPU_ReadMem(4 bytes @ 0xE000EDF0)
T47A0 119203:637.866     CPU_WriteMem(4 bytes @ 0xE0002000)
T47A0 119203:638.787     CPU_ReadMem(4 bytes @ 0xE000EDFC)
T47A0 119203:639.693     CPU_ReadMem(4 bytes @ 0xE0001000)
T47A0 119203:640.686     CPU_WriteMem(4 bytes @ 0xE0001000)
T47A0 119203:641.695   - 82.787ms
T47A0 119203:641.715   JLINK_Go()
T47A0 119203:641.757     CPU_ReadMem(4 bytes @ 0xE0001000)
T47A0 119203:642.668     CPU_WriteMem(4 bytes @ 0xE0001004)
T47A0 119203:645.269   - 3.562ms
T47A0 119203:645.280 - 224.780ms
T47A0 119203:654.252 JLINK_Close()
T47A0 119203:665.982 - 11.750ms
T47A0 119203:666.006   
T47A0 119203:666.010   Closed
