T47A0 120680:056.279   SEGGER J-Link V7.23b (beta) Log File
T47A0 120680:056.330   DLL Compiled: Jun 21 2021 16:57:20
T47A0 120680:056.344   Logging started @ 2021-08-19 03:18
T47A0 120680:056.356 - 1476327.276ms
T47A0 120680:059.394 JLINK_ExecCommand("Device = ATSAME53J18A", ...). 
T47A0 120680:060.796   Device "ATSAME53J18" selected.
T47A0 120680:061.069 - 1.656ms returns 0x00
T47A0 120680:065.980 JLINK_TIF_Select(JLINKARM_TIF_SWD)
T47A0 120680:066.752 - 0.788ms returns 0x00
T47A0 120680:066.778 JLINK_SetSpeed(402)
T47A0 120680:066.992 - 0.231ms
T47A0 120680:067.020 JLINK_ResetPullsRESET(OFF)
T47A0 120680:067.032 - 0.018ms
T47A0 120680:067.045 JLINK_Connect()
T47A0 120680:067.378   InitTarget() start
T47A0 120680:067.409    J-Link Script File: Executing InitTarget()
T47A0 120680:067.567   InitTarget()
T47A0 120680:071.757   InitTarget() end
T47A0 120680:071.771   InitTarget() end
T47A0 120680:072.898   Found SW-DP with ID 0x2BA01477
T47A0 120680:076.688   DPIDR: 0x2BA01477
T47A0 120680:076.717   Scanning AP map to find all available APs
T47A0 120680:078.257   AP[2]: Stopped AP scan as end of AP map seems to be reached
T47A0 120680:078.482   AP[0]: AHB-AP (IDR: 0x24770011)
T47A0 120680:078.494   AP[1]: AHB-AP (IDR: 0x74770001)
T47A0 120680:078.504   Iterating through AP map to find AHB-AP to use
T47A0 120680:079.961   AP[0]: Core found
T47A0 120680:079.975   AP[0]: AHB-AP ROM base: 0x41003000
T47A0 120680:080.731   CPUID register: 0x410FC241. Implementer code: 0x41 (ARM)
T47A0 120680:080.743   Found Cortex-M4 r0p1, Little endian.
T47A0 120680:181.605   -- Max. mem block: 0x00004580
T47A0 120680:181.774   CPU_ReadMem(4 bytes @ 0xE000EDF0)
T47A0 120680:182.784   CPU_WriteMem(4 bytes @ 0xE000EDF0)
T47A0 120680:183.841   CPU_ReadMem(4 bytes @ 0xE0002000)
T47A0 120680:184.754   FPUnit: 6 code (BP) slots and 2 literal slots
T47A0 120680:184.766   CPU_ReadMem(4 bytes @ 0xE000EDFC)
T47A0 120680:185.627   CPU_WriteMem(4 bytes @ 0xE000EDFC)
T47A0 120680:186.456   CPU_ReadMem(4 bytes @ 0xE0001000)
T47A0 120680:187.335   CPU_WriteMem(4 bytes @ 0xE0001000)
T47A0 120680:188.211   CPU_ReadMem(4 bytes @ 0xE000ED88)
T47A0 120680:189.086   CPU_WriteMem(4 bytes @ 0xE000ED88)
T47A0 120680:189.954   CPU_ReadMem(4 bytes @ 0xE000ED88)
T47A0 120680:190.828   CPU_WriteMem(4 bytes @ 0xE000ED88)
T47A0 120680:191.735   CoreSight components:
T47A0 120680:191.749   ROMTbl[0] @ 41003000
T47A0 120680:191.755   CPU_ReadMem(64 bytes @ 0x41003000)
T47A0 120680:194.357   CPU_ReadMem(32 bytes @ 0xE00FFFE0)
T47A0 120680:196.059   ROMTbl[0][0]: E00FF000, CID: B105100D, PID: 000BB4C4 ROM Table
T47A0 120680:196.072   ROMTbl[1] @ E00FF000
T47A0 120680:196.079   CPU_ReadMem(64 bytes @ 0xE00FF000)
T47A0 120680:198.689   CPU_ReadMem(32 bytes @ 0xE000EFE0)
T47A0 120680:200.433   ROMTbl[1][0]: E000E000, CID: B105E00D, PID: 000BB00C SCS-M7
T47A0 120680:200.442   CPU_ReadMem(32 bytes @ 0xE0001FE0)
T47A0 120680:202.187   ROMTbl[1][1]: E0001000, CID: B105E00D, PID: 003BB002 DWT
T47A0 120680:202.206   CPU_ReadMem(32 bytes @ 0xE0002FE0)
T47A0 120680:203.938   ROMTbl[1][2]: E0002000, CID: B105E00D, PID: 002BB003 FPB
T47A0 120680:203.951   CPU_ReadMem(32 bytes @ 0xE0000FE0)
T47A0 120680:205.646   ROMTbl[1][3]: E0000000, CID: B105E00D, PID: 003BB001 ITM
T47A0 120680:205.660   CPU_ReadMem(32 bytes @ 0xE0040FE0)
T47A0 120680:207.436   ROMTbl[1][4]: E0040000, CID: B105900D, PID: 000BB9A1 TPIU
T47A0 120680:207.448   CPU_ReadMem(32 bytes @ 0xE0041FE0)
T47A0 120680:209.136   ROMTbl[1][5]: E0041000, CID: B105900D, PID: 000BB925 ETM
T47A0 120680:209.148   CPU_ReadMem(32 bytes @ 0xE0042FE0)
T47A0 120680:210.956   ROMTbl[1][6]: E0042000, CID: B105900D, PID: 003BB907 ETB
T47A0 120680:210.970 - 143.927ms returns 0x00
T47A0 120680:211.015 JLINK_ExecCommand("ExcludeFlashCacheRange 0x0 - 0x40000", ...). 
T47A0 120680:211.024 - 0.003ms returns 0x00
T47A0 120680:211.038 JLINK_Halt()
T47A0 120680:224.684 - 13.665ms returns 0x00
T47A0 120680:225.796 JLINK_JTAG_GetDeviceID(DeviceIndex = 0)
T47A0 120680:225.808 - 0.013ms returns 0
T47A0 120680:225.865 JLINK_ReadMemU32(0x41002018, 0x1 Items)
T47A0 120680:225.891   CPU_ReadMem(4 bytes @ 0x41002018)
T47A0 120680:226.795   Data:  06 00 83 61
T47A0 120680:226.805 - 0.942ms returns 1 (0x1)
T396C 120680:235.626 JLINK_IsHalted()
T396C 120680:236.718 - 1.116ms returns TRUE
T396C 120680:236.743 JLINK_GetMOEs(...)
T396C 120680:236.759   CPU_ReadMem(4 bytes @ 0xE000ED30)
T396C 120680:237.626 - 0.890ms returns 0x01
T396C 120680:237.679 JLINK_ReadReg(R15 (PC))
T396C 120680:237.692 - 0.015ms returns 0x00001218
T47A0 120680:249.271 JLINK_BeginDownload(Flags = 0x00000000)
T47A0 120680:249.286 - 0.017ms
T47A0 120680:249.300 JLINK_WriteMem(0x00000000, 0x6DD0 Bytes, ...)
T47A0 120680:249.305   Data:  98 84 00 20 E9 02 00 00 E5 02 00 00 E5 02 00 00 ...
T47A0 120680:249.495   completely In flash
T47A0 120680:249.531    -- Read from flash cache (28112 bytes @ 0x00000000)
T47A0 120680:249.543 - 0.245ms returns 0x6DD0
T47A0 120680:249.649 JLINK_WriteMem(0x00006DD0, 0xC8 Bytes, ...)
T47A0 120680:249.656   Data:  00 60 01 41 55 00 00 00 00 03 00 00 02 00 00 00 ...
T47A0 120680:249.664   completely In flash
T47A0 120680:249.671    -- Read from flash cache (200 bytes @ 0x00006DD0)
T47A0 120680:249.677 - 0.030ms returns 0xC8
T396C 120680:439.086 JLINK_IsHalted()
T396C 120680:439.120 - 0.035ms returns TRUE
T47A0 120680:439.779 JLINK_EndDownload()
T47A0 120680:439.924   CPU_ReadMem(4 bytes @ 0xE000ED90)
T47A0 120680:440.833   CPU_ReadMem(4 bytes @ 0xE000ED94)
T47A0 120680:441.707    -- --------------------------------------
T47A0 120680:441.719   Flash bank @ 0x00000000: Default: L2 verify disabled because algorithm performs L1 verify
T47A0 120680:441.725    -- Start of determining dirty areas in flash cache
T47A0 120680:441.762    -- End of determining dirty areas
T47A0 120680:441.768    -- Start of preparing flash programming
T47A0 120680:441.774    -- Calculating RAM usage
T47A0 120680:441.804    -- RAM usage = 4220 Bytes
T47A0 120680:441.810    -- Preserving CPU registers
T47A0 120680:441.824    -- Preparing memory
T47A0 120680:441.831    -- Preparing target
T47A0 120680:441.836    -- Preserving target RAM temporarily used for programming
T47A0 120680:568.077    -- Downloading RAMCode
T47A0 120680:677.117    -- Preparing RAMCode
T47A0 120680:697.968    -- Checking target RAM
T47A0 120680:701.315    -- End of preparing flash programming
T47A0 120680:701.491   Looking for J-Link GUI Server exe at: C:\Program Files (x86)\Atmel\Studio\7.0\atbackend\JLinkGUIServer.exe
T47A0 120680:701.573   Looking for J-Link GUI Server exe at: C:\Program Files (x86)\SEGGER\JLink\JLinkGUIServer.exe
T47A0 120680:701.604   Forking J-Link GUI Server: C:\Program Files (x86)\SEGGER\JLink\JLinkGUIServer.exe
T47A0 120680:722.051   J-Link GUI Server info: "J-Link GUI server V7.23b "
T47A0 120680:730.499    -- CPU speed could not be measured.
T47A0 120680:730.515    -- Start of comparing flash
T47A0 120680:730.521    -- CRC check was estimated as fastest method
T47A0 120680:756.512    -- Comparing range 0x0000 - 0x7FFF (4 Sectors, 32 KiB), using multi-block CRC calculation
T47A0 120680:773.411    -- CRC does not match for sectors 0-3
T47A0 120680:773.433    -- End of comparing flash
T47A0 120680:773.440    -- Start of erasing sectors
T47A0 120680:773.447    -- Erasing range 0x00000000 - 0x00007FFF (  4 Sectors, 32 KB)
T47A0 120680:939.314    -- End of erasing sectors
T47A0 120680:939.336    -- Start of flash programming
T47A0 120680:939.343    -- Programming range 0x00000000 - 0x00007FFF (  4 Sectors, 32 KB)
T47A0 120681:903.523    -- End of flash programming
T47A0 120681:903.552    -- 0x0000 - 0x7FFF (  4 Sectors, 32 KoB)
T47A0 120681:903.559    -- Start of restoring
T47A0 120681:903.566    -- Restoring RAMCode
T47A0 120681:958.469    -- Restoring target memory
T47A0 120682:083.585    -- Restore target
T47A0 120682:083.608    -- Restore memory
T47A0 120682:083.613    -- Restoring CPU registers
T47A0 120682:083.629    -- End of restoring
T47A0 120682:083.668    -- Bank 0 @ 0x00000000: 1 range affected (32768 bytes)
T47A0 120682:083.736    -- Total: 1.641s (Prepare: 0.288s, Compare: 0.042s, Erase: 0.165s, Program & Verify: 1.003s, Restore: 0.140s)
T47A0 120682:083.748    -- Program & Verify speed: 31 KiB/s
T47A0 120682:089.644 - 1649.886ms returns 32768 (0x8000)
T47A0 120682:089.887 JLINK_ResetPullsRESET(ON)
T47A0 120682:089.900 - 0.014ms
T47A0 120682:089.906 JLINK_ResetNoHalt()
T47A0 120682:090.127   InitTarget() start
T47A0 120682:090.137    J-Link Script File: Executing InitTarget()
T47A0 120682:090.148   InitTarget()
T47A0 120682:093.396   InitTarget() end
T47A0 120682:093.419   InitTarget() end
T47A0 120682:094.791   Found SW-DP with ID 0x2BA01477
T47A0 120682:098.475   DPIDR: 0x2BA01477
T47A0 120682:098.518   AP map detection skipped. Manually configured AP map found.
T47A0 120682:098.537   AP[0]: AHB-AP (IDR: Not set)
T47A0 120682:100.168   AP[0]: Core found
T47A0 120682:100.201   AP[0]: AHB-AP ROM base: 0x41003000
T47A0 120682:101.012   CPUID register: 0x410FC241. Implementer code: 0x41 (ARM)
T47A0 120682:101.034   Found Cortex-M4 r0p1, Little endian.
T47A0 120682:201.991   -- Max. mem block: 0x000040A8
T47A0 120682:202.039   CPU_ReadMem(4 bytes @ 0xE000EDF0)
T47A0 120682:202.978   CPU_ReadMem(4 bytes @ 0xE0002000)
T47A0 120682:203.889   FPUnit: 6 code (BP) slots and 2 literal slots
T47A0 120682:203.898   CPU_ReadMem(4 bytes @ 0xE000EDFC)
T47A0 120682:204.749   CPU_ReadMem(4 bytes @ 0xE0001000)
T47A0 120682:205.601   CPU_ReadMem(4 bytes @ 0xE000ED88)
T47A0 120682:206.457   CPU_WriteMem(4 bytes @ 0xE000ED88)
T47A0 120682:207.332   CPU_ReadMem(4 bytes @ 0xE000ED88)
T47A0 120682:208.206   CPU_WriteMem(4 bytes @ 0xE000ED88)
T47A0 120682:209.097   CoreSight components:
T47A0 120682:209.110   ROMTbl[0] @ 41003000
T47A0 120682:209.116   CPU_ReadMem(64 bytes @ 0x41003000)
T47A0 120682:211.752   CPU_ReadMem(32 bytes @ 0xE00FFFE0)
T47A0 120682:213.447   ROMTbl[0][0]: E00FF000, CID: B105100D, PID: 000BB4C4 ROM Table
T47A0 120682:213.458   ROMTbl[1] @ E00FF000
T47A0 120682:213.465   CPU_ReadMem(64 bytes @ 0xE00FF000)
T47A0 120682:216.125   CPU_ReadMem(32 bytes @ 0xE000EFE0)
T47A0 120682:217.857   ROMTbl[1][0]: E000E000, CID: B105E00D, PID: 000BB00C SCS-M7
T47A0 120682:217.872   CPU_WriteMem(4 bytes @ 0xE0001000)
T47A0 120682:218.771   CPU_ReadMem(32 bytes @ 0xE0001FE0)
T47A0 120682:220.478   ROMTbl[1][1]: E0001000, CID: B105E00D, PID: 003BB002 DWT
T47A0 120682:220.487   CPU_ReadMem(32 bytes @ 0xE0002FE0)
T47A0 120682:222.219   ROMTbl[1][2]: E0002000, CID: B105E00D, PID: 002BB003 FPB
T47A0 120682:222.228   CPU_ReadMem(32 bytes @ 0xE0000FE0)
T47A0 120682:223.923   ROMTbl[1][3]: E0000000, CID: B105E00D, PID: 003BB001 ITM
T47A0 120682:223.931   CPU_ReadMem(32 bytes @ 0xE0040FE0)
T47A0 120682:225.655   ROMTbl[1][4]: E0040000, CID: B105900D, PID: 000BB9A1 TPIU
T47A0 120682:225.664   CPU_ReadMem(32 bytes @ 0xE0041FE0)
T47A0 120682:227.361   ROMTbl[1][5]: E0041000, CID: B105900D, PID: 000BB925 ETM
T47A0 120682:227.369   CPU_ReadMem(32 bytes @ 0xE0042FE0)
T47A0 120682:229.175   ROMTbl[1][6]: E0042000, CID: B105900D, PID: 003BB907 ETB
T47A0 120682:229.189   JLINK_Reset()
T47A0 120682:229.198     CPU_WriteMem(4 bytes @ 0xE000EDF0)
T47A0 120682:230.081     CPU_WriteMem(4 bytes @ 0xE000EDFC)
T47A0 120682:231.088     Reset: Halt core after reset via DEMCR.VC_CORERESET.
T47A0 120682:231.841     Reset: Reset device via AIRCR.SYSRESETREQ.
T47A0 120682:231.849     CPU_WriteMem(4 bytes @ 0xE000ED0C)
T47A0 120682:285.146     CPU_ReadMem(4 bytes @ 0xE000EDF0)
T47A0 120682:286.152     CPU_ReadMem(4 bytes @ 0xE000EDF0)
T47A0 120682:287.100     CPU_WriteMem(4 bytes @ 0xE000EDF0)
T47A0 120682:287.955     CPU_WriteMem(4 bytes @ 0xE000EDFC)
T47A0 120682:294.550     CPU_ReadMem(4 bytes @ 0xE000EDF0)
T47A0 120682:308.950     CPU_WriteMem(4 bytes @ 0xE0002000)
T47A0 120682:309.852     CPU_ReadMem(4 bytes @ 0xE000EDFC)
T47A0 120682:310.831     CPU_ReadMem(4 bytes @ 0xE0001000)
T47A0 120682:311.830     CPU_WriteMem(4 bytes @ 0xE0001000)
T47A0 120682:312.705   - 83.520ms
T47A0 120682:312.713   JLINK_Go()
T47A0 120682:312.731     CPU_ReadMem(4 bytes @ 0xE0001000)
T47A0 120682:313.603     CPU_WriteMem(4 bytes @ 0xE0001004)
T47A0 120682:316.207   - 3.498ms
T47A0 120682:316.213 - 226.309ms
T47A0 120682:321.537 JLINK_Close()
T47A0 120682:348.773 - 27.252ms
T47A0 120682:348.792   
T47A0 120682:348.796   Closed
