T2F94 239927:457.161   SEGGER J-Link V7.23b (beta) Log File
T2F94 239927:457.205   DLL Compiled: Jun 21 2021 16:57:20
T2F94 239927:457.219   Logging started @ 2021-10-15 00:41
T2F94 239927:457.232 - 4560.880ms
T2F94 239927:460.148 JLINK_ExecCommand("Device = ATSAME53J18A", ...). 
T2F94 239927:461.014   Device "ATSAME53J18" selected.
T2F94 239927:461.247 - 1.083ms returns 0x00
T2F94 239927:466.052 JLINK_TIF_Select(JLINKARM_TIF_SWD)
T2F94 239927:466.720 - 0.684ms returns 0x00
T2F94 239927:466.746 JLINK_SetSpeed(4000)
T2F94 239927:466.856 - 0.119ms
T2F94 239927:466.875 JLINK_ResetPullsRESET(OFF)
T2F94 239927:466.887 - 0.019ms
T2F94 239927:466.901 JLINK_Connect()
T2F94 239927:467.129   InitTarget() start
T2F94 239927:467.155    J-Link Script File: Executing InitTarget()
T2F94 239927:467.267   InitTarget()
T2F94 239927:469.278   InitTarget() end
T2F94 239927:469.292   InitTarget() end
T2F94 239927:469.813   Found SW-DP with ID 0x2BA01477
T2F94 239927:471.371   DPIDR: 0x2BA01477
T2F94 239927:471.388   Scanning AP map to find all available APs
T2F94 239927:472.030   AP[2]: Stopped AP scan as end of AP map seems to be reached
T2F94 239927:472.255   AP[0]: AHB-AP (IDR: 0x24770011)
T2F94 239927:472.267   AP[1]: AHB-AP (IDR: 0x74770001)
T2F94 239927:472.278   Iterating through AP map to find AHB-AP to use
T2F94 239927:472.822   AP[0]: Core found
T2F94 239927:472.835   AP[0]: AHB-AP ROM base: 0x41003000
T2F94 239927:473.068   CPUID register: 0x410FC241. Implementer code: 0x41 (ARM)
T2F94 239927:473.081   Found Cortex-M4 r0p1, Little endian.
T2F94 239927:573.708   -- Max. mem block: 0x00004580
T2F94 239927:573.817   CPU_ReadMem(4 bytes @ 0xE000EDF0)
T2F94 239927:574.311   CPU_WriteMem(4 bytes @ 0xE000EDF0)
T2F94 239927:574.688   CPU_ReadMem(4 bytes @ 0xE0002000)
T2F94 239927:575.090   FPUnit: 6 code (BP) slots and 2 literal slots
T2F94 239927:575.099   CPU_ReadMem(4 bytes @ 0xE000EDFC)
T2F94 239927:575.568   CPU_WriteMem(4 bytes @ 0xE000EDFC)
T2F94 239927:575.936   CPU_ReadMem(4 bytes @ 0xE0001000)
T2F94 239927:576.312   CPU_WriteMem(4 bytes @ 0xE0001000)
T2F94 239927:576.724   CPU_ReadMem(4 bytes @ 0xE000ED88)
T2F94 239927:576.963   CPU_WriteMem(4 bytes @ 0xE000ED88)
T2F94 239927:577.212   CPU_ReadMem(4 bytes @ 0xE000ED88)
T2F94 239927:577.436   CPU_WriteMem(4 bytes @ 0xE000ED88)
T2F94 239927:577.704   CoreSight components:
T2F94 239927:577.718   ROMTbl[0] @ 41003000
T2F94 239927:577.726   CPU_ReadMem(64 bytes @ 0x41003000)
T2F94 239927:578.147   CPU_ReadMem(32 bytes @ 0xE00FFFE0)
T2F94 239927:578.470   ROMTbl[0][0]: E00FF000, CID: B105100D, PID: 000BB4C4 ROM Table
T2F94 239927:578.484   ROMTbl[1] @ E00FF000
T2F94 239927:578.491   CPU_ReadMem(64 bytes @ 0xE00FF000)
T2F94 239927:578.963   CPU_ReadMem(32 bytes @ 0xE000EFE0)
T2F94 239927:579.279   ROMTbl[1][0]: E000E000, CID: B105E00D, PID: 000BB00C SCS-M7
T2F94 239927:579.288   CPU_ReadMem(32 bytes @ 0xE0001FE0)
T2F94 239927:579.616   ROMTbl[1][1]: E0001000, CID: B105E00D, PID: 003BB002 DWT
T2F94 239927:579.624   CPU_ReadMem(32 bytes @ 0xE0002FE0)
T2F94 239927:579.926   ROMTbl[1][2]: E0002000, CID: B105E00D, PID: 002BB003 FPB
T2F94 239927:579.935   CPU_ReadMem(32 bytes @ 0xE0000FE0)
T2F94 239927:580.260   ROMTbl[1][3]: E0000000, CID: B105E00D, PID: 003BB001 ITM
T2F94 239927:580.268   CPU_ReadMem(32 bytes @ 0xE0040FE0)
T2F94 239927:580.594   ROMTbl[1][4]: E0040000, CID: B105900D, PID: 000BB9A1 TPIU
T2F94 239927:580.602   CPU_ReadMem(32 bytes @ 0xE0041FE0)
T2F94 239927:580.928   ROMTbl[1][5]: E0041000, CID: B105900D, PID: 000BB925 ETM
T2F94 239927:580.937   CPU_ReadMem(32 bytes @ 0xE0042FE0)
T2F94 239927:581.258   ROMTbl[1][6]: E0042000, CID: B105900D, PID: 003BB907 ETB
T2F94 239927:581.272 - 114.373ms returns 0x00
T2F94 239927:581.304 JLINK_Halt()
T2F94 239927:583.194 - 1.912ms returns 0x00
T2F94 239927:584.202 JLINK_JTAG_GetDeviceID(DeviceIndex = 0)
T2F94 239927:584.211 - 0.011ms returns 0
T2F94 239927:584.217 JLINK_ReadMemU32(0x41002018, 0x1 Items)
T2F94 239927:584.227   CPU_ReadMem(4 bytes @ 0x41002018)
T2F94 239927:584.437   Data:  06 00 83 61
T2F94 239927:584.482 - 0.267ms returns 1 (0x1)
T5604 239927:594.123 JLINK_IsHalted()
T5604 239927:594.398 - 0.279ms returns TRUE
T5604 239927:594.408 JLINK_GetMOEs(...)
T5604 239927:594.417   CPU_ReadMem(4 bytes @ 0xE000ED30)
T5604 239927:594.624 - 0.219ms returns 0x01
T5604 239927:594.633 JLINK_ReadReg(R15 (PC))
T5604 239927:594.640 - 0.009ms returns 0x0000033C
T2F94 239927:612.493 JLINK_BeginDownload(Flags = 0x00000000)
T2F94 239927:612.513 - 0.022ms
T2F94 239927:612.525 JLINK_WriteMem(0x00000000, 0x4BCC Bytes, ...)
T2F94 239927:612.531   Data:  B0 A6 00 20 D5 02 00 00 D1 02 00 00 D1 02 00 00 ...
T2F94 239927:612.791   completely In flash
T2F94 239927:612.816    -- Read from flash cache (19404 bytes @ 0x00000000)
T2F94 239927:612.825 - 0.302ms returns 0x4BCC
T2F94 239927:612.932 JLINK_WriteMem(0x00004BCC, 0x51C Bytes, ...)
T2F94 239927:612.940   Data:  09 02 20 00 01 01 00 80 FA 09 04 00 00 02 08 06 ...
T2F94 239927:612.949   completely In flash
T2F94 239927:612.958    -- Read from flash cache (1308 bytes @ 0x00004BCC)
T2F94 239927:612.965 - 0.034ms returns 0x51C
T5604 239927:794.275 JLINK_IsHalted()
T5604 239927:794.357 - 0.085ms returns TRUE
T2F94 239927:794.856 JLINK_EndDownload()
T2F94 239927:795.023   CPU_ReadMem(4 bytes @ 0xE000ED90)
T2F94 239927:795.347   CPU_ReadMem(4 bytes @ 0xE000ED94)
T2F94 239927:795.564    -- --------------------------------------
T2F94 239927:795.574   Flash bank @ 0x00000000: Default: L2 verify disabled because algorithm performs L1 verify
T2F94 239927:795.580    -- Start of determining dirty areas in flash cache
T2F94 239927:795.617    -- End of determining dirty areas
T2F94 239927:795.624    -- Start of preparing flash programming
T2F94 239927:795.631    -- Calculating RAM usage
T2F94 239927:795.647    -- RAM usage = 4220 Bytes
T2F94 239927:795.654    -- Preserving CPU registers
T2F94 239927:795.670    -- Preparing memory
T2F94 239927:795.677    -- Preparing target
T2F94 239927:795.683    -- Preserving target RAM temporarily used for programming
T2F94 239927:810.999    -- Downloading RAMCode
T2F94 239927:824.159    -- Preparing RAMCode
T2F94 239927:827.482    -- Checking target RAM
T2F94 239927:828.353    -- End of preparing flash programming
T2F94 239927:828.482   Looking for J-Link GUI Server exe at: C:\Program Files (x86)\Atmel\Studio\7.0\atbackend\JLinkGUIServer.exe
T2F94 239927:828.549   Looking for J-Link GUI Server exe at: C:\Program Files (x86)\SEGGER\JLink\JLinkGUIServer.exe
T2F94 239927:828.581   Forking J-Link GUI Server: C:\Program Files (x86)\SEGGER\JLink\JLinkGUIServer.exe
T2F94 239927:844.430   J-Link GUI Server info: "J-Link GUI server V7.23b "
T2F94 239927:853.608    -- CPU speed could not be measured.
T2F94 239927:853.625    -- Start of comparing flash
T2F94 239927:853.632    -- CRC check was estimated as fastest method
T2F94 239927:882.490    -- Comparing range 0x0000 - 0x5FFF (3 Sectors, 24 KiB), using multi-block CRC calculation
T2F94 239927:897.788    -- CRC does not match for sector 1
T2F94 239927:897.971    -- Comparing range 0x0000 - 0x1FFF (1 Sector, 8 KiB), using alternative multi-block CRC calculation
T2F94 239927:903.875    -- All CRCs match
T2F94 239927:904.051    -- Comparing range 0x4000 - 0x5FFF (1 Sector, 8 KiB), using alternative multi-block CRC calculation
T2F94 239927:909.488    -- All CRCs match
T2F94 239927:909.502    -- End of comparing flash
T2F94 239927:909.509    -- Start of erasing sectors
T2F94 239927:909.517    -- Erasing range 0x00002000 - 0x00003FFF (  1 Sector, 8 KB)
T2F94 239927:949.748    -- End of erasing sectors
T2F94 239927:949.772    -- Start of flash programming
T2F94 239927:949.780    -- Programming range 0x00002000 - 0x00003FFF (  1 Sector, 8 KB)
T2F94 239927:984.964    -- End of flash programming
T2F94 239927:984.986    -- 0x2000 - 0x3FFF (  1 Sector, 8 KoB)
T2F94 239927:984.993    -- Start of restoring
T2F94 239927:985.000    -- Restoring RAMCode
T2F94 239927:995.280    -- Restoring target memory
T2F94 239928:009.190    -- Restore target
T2F94 239928:009.237    -- Restore memory
T2F94 239928:009.247    -- Restoring CPU registers
T2F94 239928:009.263    -- End of restoring
T2F94 239928:009.328    -- Bank 0 @ 0x00000000: 1 range affected (8192 bytes)
T2F94 239928:009.348    -- Total: 0.213s (Prepare: 0.057s, Compare: 0.055s, Erase: 0.040s, Program & Verify: 0.042s, Restore: 0.016s)
T2F94 239928:009.361    -- Program & Verify speed: 190 KiB/s
T2F94 239928:014.320 - 219.486ms returns 8192 (0x2000)
T2F94 239928:014.399 JLINK_ResetPullsRESET(ON)
T2F94 239928:014.405 - 0.008ms
T2F94 239928:014.410 JLINK_ResetNoHalt()
T2F94 239928:014.587   InitTarget() start
T2F94 239928:014.600    J-Link Script File: Executing InitTarget()
T2F94 239928:014.613   InitTarget()
T2F94 239928:016.672   InitTarget() end
T2F94 239928:016.701   InitTarget() end
T2F94 239928:017.186   Found SW-DP with ID 0x2BA01477
T2F94 239928:018.744   DPIDR: 0x2BA01477
T2F94 239928:018.763   AP map detection skipped. Manually configured AP map found.
T2F94 239928:018.775   AP[0]: AHB-AP (IDR: Not set)
T2F94 239928:019.197   AP[0]: Core found
T2F94 239928:019.210   AP[0]: AHB-AP ROM base: 0x41003000
T2F94 239928:019.443   CPUID register: 0x410FC241. Implementer code: 0x41 (ARM)
T2F94 239928:019.455   Found Cortex-M4 r0p1, Little endian.
T2F94 239928:119.768   -- Max. mem block: 0x000040A8
T2F94 239928:119.797   CPU_ReadMem(4 bytes @ 0xE000EDF0)
T2F94 239928:120.061   CPU_ReadMem(4 bytes @ 0xE0002000)
T2F94 239928:120.361   FPUnit: 6 code (BP) slots and 2 literal slots
T2F94 239928:120.371   CPU_ReadMem(4 bytes @ 0xE000EDFC)
T2F94 239928:120.607   CPU_ReadMem(4 bytes @ 0xE0001000)
T2F94 239928:120.811   CPU_ReadMem(4 bytes @ 0xE000ED88)
T2F94 239928:121.062   CPU_WriteMem(4 bytes @ 0xE000ED88)
T2F94 239928:121.360   CPU_ReadMem(4 bytes @ 0xE000ED88)
T2F94 239928:121.604   CPU_WriteMem(4 bytes @ 0xE000ED88)
T2F94 239928:121.865   CoreSight components:
T2F94 239928:121.879   ROMTbl[0] @ 41003000
T2F94 239928:121.887   CPU_ReadMem(64 bytes @ 0x41003000)
T2F94 239928:122.561   CPU_ReadMem(32 bytes @ 0xE00FFFE0)
T2F94 239928:122.904   ROMTbl[0][0]: E00FF000, CID: B105100D, PID: 000BB4C4 ROM Table
T2F94 239928:122.916   ROMTbl[1] @ E00FF000
T2F94 239928:122.924   CPU_ReadMem(64 bytes @ 0xE00FF000)
T2F94 239928:123.357   CPU_ReadMem(32 bytes @ 0xE000EFE0)
T2F94 239928:123.695   ROMTbl[1][0]: E000E000, CID: B105E00D, PID: 000BB00C SCS-M7
T2F94 239928:123.704   CPU_WriteMem(4 bytes @ 0xE0001000)
T2F94 239928:123.955   CPU_ReadMem(32 bytes @ 0xE0001FE0)
T2F94 239928:124.319   ROMTbl[1][1]: E0001000, CID: B105E00D, PID: 003BB002 DWT
T2F94 239928:124.328   CPU_ReadMem(32 bytes @ 0xE0002FE0)
T2F94 239928:124.676   ROMTbl[1][2]: E0002000, CID: B105E00D, PID: 002BB003 FPB
T2F94 239928:124.685   CPU_ReadMem(32 bytes @ 0xE0000FE0)
T2F94 239928:125.010   ROMTbl[1][3]: E0000000, CID: B105E00D, PID: 003BB001 ITM
T2F94 239928:125.019   CPU_ReadMem(32 bytes @ 0xE0040FE0)
T2F94 239928:125.425   ROMTbl[1][4]: E0040000, CID: B105900D, PID: 000BB9A1 TPIU
T2F94 239928:125.437   CPU_ReadMem(32 bytes @ 0xE0041FE0)
T2F94 239928:125.828   ROMTbl[1][5]: E0041000, CID: B105900D, PID: 000BB925 ETM
T2F94 239928:125.838   CPU_ReadMem(32 bytes @ 0xE0042FE0)
T2F94 239928:126.180   ROMTbl[1][6]: E0042000, CID: B105900D, PID: 003BB907 ETB
T2F94 239928:126.197   JLINK_Reset()
T2F94 239928:126.206     CPU_WriteMem(4 bytes @ 0xE000EDF0)
T2F94 239928:126.438     CPU_WriteMem(4 bytes @ 0xE000EDFC)
T2F94 239928:126.696     Reset: Halt core after reset via DEMCR.VC_CORERESET.
T2F94 239928:127.130     Reset: Reset device via AIRCR.SYSRESETREQ.
T2F94 239928:127.142     CPU_WriteMem(4 bytes @ 0xE000ED0C)
T2F94 239928:180.358     CPU_ReadMem(4 bytes @ 0xE000EDF0)
T2F94 239928:180.814     CPU_ReadMem(4 bytes @ 0xE000EDF0)
T2F94 239928:181.360     CPU_WriteMem(4 bytes @ 0xE000EDF0)
T2F94 239928:181.692     CPU_WriteMem(4 bytes @ 0xE000EDFC)
T2F94 239928:187.724     CPU_ReadMem(4 bytes @ 0xE000EDF0)
T2F94 239928:189.938     CPU_WriteMem(4 bytes @ 0xE0002000)
T2F94 239928:190.206     CPU_ReadMem(4 bytes @ 0xE000EDFC)
T2F94 239928:190.435     CPU_ReadMem(4 bytes @ 0xE0001000)
T2F94 239928:190.687   - 64.494ms
T2F94 239928:190.696   JLINK_Go()
T2F94 239928:190.704     CPU_ReadMem(4 bytes @ 0xE0001000)
T2F94 239928:190.941     CPU_WriteMem(4 bytes @ 0xE0001004)
T2F94 239928:191.520   - 0.828ms
T2F94 239928:191.527 - 177.119ms
T2F94 239928:199.860 JLINK_Close()
T2F94 239928:220.058 - 20.217ms
T2F94 239928:220.080   
T2F94 239928:220.085   Closed
