T2F94 239920:537.467   SEGGER J-Link V7.23b (beta) Log File
T2F94 239920:537.515   DLL Compiled: Jun 21 2021 16:57:20
T2F94 239920:537.529   Logging started @ 2021-10-15 00:41
T2F94 239920:537.542 - 3517.159ms
T2F94 239920:540.242 JLINK_ExecCommand("Device = ATSAME53J18A", ...). 
T2F94 239920:541.098   Device "ATSAME53J18" selected.
T2F94 239920:541.295 - 1.037ms returns 0x00
T2F94 239920:546.393 JLINK_TIF_Select(JLINKARM_TIF_SWD)
T2F94 239920:547.083 - 0.705ms returns 0x00
T2F94 239920:547.108 JLINK_SetSpeed(4000)
T2F94 239920:547.242 - 0.146ms
T2F94 239920:547.263 JLINK_ResetPullsRESET(OFF)
T2F94 239920:547.277 - 0.019ms
T2F94 239920:547.290 JLINK_Connect()
T2F94 239920:547.506   InitTarget() start
T2F94 239920:547.540    J-Link Script File: Executing InitTarget()
T2F94 239920:547.673   InitTarget()
T2F94 239920:549.782   InitTarget() end
T2F94 239920:549.799   InitTarget() end
T2F94 239920:550.304   Found SW-DP with ID 0x2BA01477
T2F94 239920:551.866   DPIDR: 0x2BA01477
T2F94 239920:551.879   Scanning AP map to find all available APs
T2F94 239920:552.552   AP[2]: Stopped AP scan as end of AP map seems to be reached
T2F94 239920:552.758   AP[0]: AHB-AP (IDR: 0x24770011)
T2F94 239920:552.770   AP[1]: AHB-AP (IDR: 0x74770001)
T2F94 239920:552.781   Iterating through AP map to find AHB-AP to use
T2F94 239920:553.321   AP[0]: Core found
T2F94 239920:553.333   AP[0]: AHB-AP ROM base: 0x41003000
T2F94 239920:553.573   CPUID register: 0x410FC241. Implementer code: 0x41 (ARM)
T2F94 239920:553.586   Found Cortex-M4 r0p1, Little endian.
T2F94 239920:654.519   -- Max. mem block: 0x00004580
T2F94 239920:654.751   CPU_ReadMem(4 bytes @ 0xE000EDF0)
T2F94 239920:655.221   CPU_WriteMem(4 bytes @ 0xE000EDF0)
T2F94 239920:655.620   CPU_ReadMem(4 bytes @ 0xE0002000)
T2F94 239920:655.970   FPUnit: 6 code (BP) slots and 2 literal slots
T2F94 239920:655.980   CPU_ReadMem(4 bytes @ 0xE000EDFC)
T2F94 239920:656.317   CPU_WriteMem(4 bytes @ 0xE000EDFC)
T2F94 239920:656.853   CPU_ReadMem(4 bytes @ 0xE0001000)
T2F94 239920:657.203   CPU_WriteMem(4 bytes @ 0xE0001000)
T2F94 239920:657.639   CPU_ReadMem(4 bytes @ 0xE000ED88)
T2F94 239920:657.937   CPU_WriteMem(4 bytes @ 0xE000ED88)
T2F94 239920:658.191   CPU_ReadMem(4 bytes @ 0xE000ED88)
T2F94 239920:658.440   CPU_WriteMem(4 bytes @ 0xE000ED88)
T2F94 239920:658.700   CoreSight components:
T2F94 239920:658.715   ROMTbl[0] @ 41003000
T2F94 239920:658.723   CPU_ReadMem(64 bytes @ 0x41003000)
T2F94 239920:659.191   CPU_ReadMem(32 bytes @ 0xE00FFFE0)
T2F94 239920:659.619   ROMTbl[0][0]: E00FF000, CID: 00000000, PID: 00000000 ???
T2F94 239920:659.632 - 112.344ms returns 0x00
T2F94 239920:659.658 JLINK_Halt()
T2F94 239920:662.612   CPU could not be halted
T2F94 239920:662.658 - 3.003ms returns 0x01
T2F94 239920:663.600 JLINK_JTAG_GetDeviceID(DeviceIndex = 0)
T2F94 239920:663.609 - 0.010ms returns 0
T2F94 239920:663.614 JLINK_ReadMemU32(0x41002018, 0x1 Items)
T2F94 239920:663.626   CPU_ReadMem(4 bytes @ 0x41002018)
T2F94 239920:663.867   failed
T2F94 239920:663.875 - 0.262ms returns -1 (0xFFFFFFFF)
T7E80 239920:673.949 JLINK_IsHalted()
T7E80 239920:674.336 - 0.398ms returns ERROR
T2F94 239920:674.772 JLINK_ResetPullsRESET(ON)
T2F94 239920:674.782 - 0.011ms
T2F94 239920:674.788 JLINK_ResetNoHalt()
T2F94 239920:675.059   InitTarget() start
T2F94 239920:675.072    J-Link Script File: Executing InitTarget()
T2F94 239920:675.085   InitTarget()
T2F94 239920:677.141   InitTarget() end
T2F94 239920:677.156   InitTarget() end
T2F94 239920:677.680   Found SW-DP with ID 0x2BA01477
T2F94 239920:679.241   DPIDR: 0x2BA01477
T2F94 239920:679.255   AP map detection skipped. Manually configured AP map found.
T2F94 239920:679.266   AP[0]: AHB-AP (IDR: Not set)
T2F94 239920:679.819   AP[0]: Core found
T2F94 239920:679.832   AP[0]: AHB-AP ROM base: 0x41003000
T2F94 239920:680.070   CPUID register: 0x410FC241. Implementer code: 0x41 (ARM)
T2F94 239920:680.083   Found Cortex-M4 r0p1, Little endian.
T2F94 239920:780.426   -- Max. mem block: 0x000042B0
T2F94 239920:780.451   CPU_ReadMem(4 bytes @ 0xE000EDF0)
T2F94 239920:780.849   CPU_WriteMem(4 bytes @ 0xE000EDF0)
T2F94 239920:781.226   CPU_ReadMem(4 bytes @ 0xE0002000)
T2F94 239920:781.649   FPUnit: 6 code (BP) slots and 2 literal slots
T2F94 239920:781.661   CPU_ReadMem(4 bytes @ 0xE000EDFC)
T2F94 239920:781.968   CPU_WriteMem(4 bytes @ 0xE000EDFC)
T2F94 239920:782.344   CPU_ReadMem(4 bytes @ 0xE0001000)
T2F94 239920:782.689   CPU_WriteMem(4 bytes @ 0xE0001000)
T2F94 239920:783.191   CPU_ReadMem(4 bytes @ 0xE000ED88)
T2F94 239920:783.606   CPU_WriteMem(4 bytes @ 0xE000ED88)
T2F94 239920:783.938   CPU_ReadMem(4 bytes @ 0xE000ED88)
T2F94 239920:784.315   CPU_WriteMem(4 bytes @ 0xE000ED88)
T2F94 239920:784.702   CoreSight components:
T2F94 239920:784.715   ROMTbl[0] @ 41003000
T2F94 239920:784.723   CPU_ReadMem(64 bytes @ 0x41003000)
T2F94 239920:785.276   CPU_ReadMem(32 bytes @ 0xE00FFFE0)
T2F94 239920:785.671   ROMTbl[0][0]: E00FF000, CID: B105100D, PID: 000BB4C4 ROM Table
T2F94 239920:785.683   ROMTbl[1] @ E00FF000
T2F94 239920:785.691   CPU_ReadMem(64 bytes @ 0xE00FF000)
T2F94 239920:786.166   CPU_ReadMem(32 bytes @ 0xE000EFE0)
T2F94 239920:786.489   ROMTbl[1][0]: E000E000, CID: B105E00D, PID: 000BB00C SCS-M7
T2F94 239920:786.499   CPU_ReadMem(32 bytes @ 0xE0001FE0)
T2F94 239920:786.804   ROMTbl[1][1]: E0001000, CID: B105E00D, PID: 003BB002 DWT
T2F94 239920:786.813   CPU_ReadMem(32 bytes @ 0xE0002FE0)
T2F94 239920:787.187   ROMTbl[1][2]: E0002000, CID: B105E00D, PID: 002BB003 FPB
T2F94 239920:787.198   CPU_ReadMem(32 bytes @ 0xE0000FE0)
T2F94 239920:787.556   ROMTbl[1][3]: E0000000, CID: B105E00D, PID: 003BB001 ITM
T2F94 239920:787.565   CPU_ReadMem(32 bytes @ 0xE0040FE0)
T2F94 239920:787.930   ROMTbl[1][4]: E0040000, CID: B105900D, PID: 000BB9A1 TPIU
T2F94 239920:787.940   CPU_ReadMem(32 bytes @ 0xE0041FE0)
T2F94 239920:788.305   ROMTbl[1][5]: E0041000, CID: B105900D, PID: 000BB925 ETM
T2F94 239920:788.314   CPU_ReadMem(32 bytes @ 0xE0042FE0)
T2F94 239920:788.635   ROMTbl[1][6]: E0042000, CID: B105900D, PID: 003BB907 ETB
T2F94 239920:788.651   JLINK_Reset()
T2F94 239920:788.660     CPU is running
T2F94 239920:788.667     CPU_WriteMem(4 bytes @ 0xE000EDF0)
T2F94 239920:788.879     CPU is running
T2F94 239920:788.887     CPU_WriteMem(4 bytes @ 0xE000EDFC)
T2F94 239920:789.114     Reset: Halt core after reset via DEMCR.VC_CORERESET.
T2F94 239920:789.488     Reset: Reset device via AIRCR.SYSRESETREQ.
T2F94 239920:789.497     CPU is running
T2F94 239920:789.504     CPU_WriteMem(4 bytes @ 0xE000ED0C)
T2F94 239920:842.322     CPU_ReadMem(4 bytes @ 0xE000EDF0)
T2F94 239920:842.683     CPU_ReadMem(4 bytes @ 0xE000EDF0)
T2F94 239920:843.000     CPU is running
T2F94 239920:843.018     CPU_WriteMem(4 bytes @ 0xE000EDF0)
T2F94 239920:843.289     CPU is running
T2F94 239920:843.302     CPU_WriteMem(4 bytes @ 0xE000EDFC)
T2F94 239920:848.829     CPU_ReadMem(4 bytes @ 0xE000EDF0)
T2F94 239920:851.066     CPU_WriteMem(4 bytes @ 0xE0002000)
T2F94 239920:851.335     CPU_ReadMem(4 bytes @ 0xE000EDFC)
T2F94 239920:851.561     CPU_ReadMem(4 bytes @ 0xE0001000)
T2F94 239920:851.819   - 63.172ms
T2F94 239920:851.828   JLINK_Go()
T2F94 239920:851.835     CPU_ReadMem(4 bytes @ 0xE0001000)
T2F94 239920:852.064     CPU_WriteMem(4 bytes @ 0xE0001004)
T2F94 239920:852.719   - 0.895ms
T2F94 239920:852.725 - 177.939ms
T2F94 239920:858.586 JLINK_Close()
T2F94 239920:879.600 - 21.030ms
T2F94 239920:879.619   
T2F94 239920:879.624   Closed
